android/app/build/intermediates/manifest_merge_blame_file/armDebug/manifest-merger-blame-arm-debug-report.txt
1<?xml version="1.0" encoding="utf-8"?>
2<manifest xmlns:android="http://schemas.android.com/apk/res/android"
3    package="com.enterprise.jpushdemo"
4    android:versionCode="100"
5    android:versionName="0.0.1" >
6
7    <uses-sdk
7-->src/main/AndroidManifest.xml:5:5-59
8        xmlns:android="http://schemas.android.com/apk/res/android"
8-->[com.tencent.luggage:wxa-standalone-open-runtime-SaaA-plugin-sdk:1.0.10] AndroidManifest.xml:7:9-67
9        android:minSdkVersion="21"
9-->src/main/AndroidManifest.xml:5:5-59
10        android:targetSdkVersion="29" />
10-->src/main/AndroidManifest.xml:5:5-59
11
12    <uses-permission
12-->src/main/AndroidManifest.xml:6:5-67
13        xmlns:android="http://schemas.android.com/apk/res/android"
13-->[com.tencent.luggage:wxa-standalone-open-runtime-SaaA-plugin-sdk:1.0.10] AndroidManifest.xml:31:9-67
14        android:name="android.permission.INTERNET" /> <!-- 网络通信 -->
14-->src/main/AndroidManifest.xml:6:22-64
15    <uses-permission
15-->src/main/AndroidManifest.xml:7:5-79
16        xmlns:android="http://schemas.android.com/apk/res/android"
16-->[com.tencent.luggage:wxa-standalone-open-runtime-SaaA-plugin-sdk:1.0.10] AndroidManifest.xml:34:9-67
17        android:name="android.permission.ACCESS_NETWORK_STATE" />
17-->src/main/AndroidManifest.xml:7:22-76
18    <uses-permission android:name="android.permission.ACCESS_COARSE_LOCATION" />
18-->src/main/AndroidManifest.xml:8:5-81
18-->src/main/AndroidManifest.xml:8:22-78
19    <uses-permission android:name="android.permission.ACCESS_FINE_LOCATION" />
19-->src/main/AndroidManifest.xml:9:5-79
19-->src/main/AndroidManifest.xml:9:22-76
20    <uses-permission android:name="android.permission.RECORD_AUDIO" />
20-->src/main/AndroidManifest.xml:10:5-71
20-->src/main/AndroidManifest.xml:10:22-68
21    <uses-permission android:name="android.permission.REQUEST_INSTALL_PACKAGES" />
21-->src/main/AndroidManifest.xml:11:5-83
21-->src/main/AndroidManifest.xml:11:22-80
22
23    <queries package="com.enterprise.jpushdemo" >
23-->src/main/AndroidManifest.xml:13:5-15:15
23-->[com.tencent.luggage:wxa-standalone-open-runtime-SaaA-plugin-sdk:1.0.10] AndroidManifest.xml:12:14-40
24        <package android:name="com.tencent.mm" />
24-->src/main/AndroidManifest.xml:14:9-50
24-->src/main/AndroidManifest.xml:14:18-47
25
26        <intent>
26-->[com.tencent.luggage:wxa-standalone-open-runtime-SaaA-plugin-sdk:1.0.10] AndroidManifest.xml:13:9-16:18
27            <action android:name="android.media.action.IMAGE_CAPTURE" >
27-->[com.tencent.luggage:wxa-standalone-open-runtime-SaaA-plugin-sdk:1.0.10] AndroidManifest.xml:14:13-15:22
27-->[com.tencent.luggage:wxa-standalone-open-runtime-SaaA-plugin-sdk:1.0.10] AndroidManifest.xml:14:21-70
28            </action>
29        </intent>
30        <intent>
30-->[com.tencent.luggage:wxa-standalone-open-runtime-SaaA-plugin-sdk:1.0.10] AndroidManifest.xml:17:9-20:18
31            <action android:name="android.media.action.ACTION_VIDEO_CAPTURE" >
31-->[com.tencent.luggage:wxa-standalone-open-runtime-SaaA-plugin-sdk:1.0.10] AndroidManifest.xml:18:13-19:22
31-->[com.tencent.luggage:wxa-standalone-open-runtime-SaaA-plugin-sdk:1.0.10] AndroidManifest.xml:18:21-77
32            </action>
33        </intent>
34    </queries>
35
36    <!-- 适配Android R包可见性 结束 -->
37    <uses-permission
37-->[com.tencent.luggage:wxa-standalone-open-runtime-SaaA-plugin-sdk:1.0.10] AndroidManifest.xml:24:5-26:53
38        xmlns:android="http://schemas.android.com/apk/res/android"
38-->[com.tencent.luggage:wxa-standalone-open-runtime-SaaA-plugin-sdk:1.0.10] AndroidManifest.xml:25:9-67
39        android:name="android.permission.VIBRATE" />
39-->[com.tencent.luggage:wxa-standalone-open-runtime-SaaA-plugin-sdk:1.0.10] AndroidManifest.xml:26:9-50
40    <uses-permission
40-->[com.tencent.luggage:wxa-standalone-open-runtime-SaaA-plugin-sdk:1.0.10] AndroidManifest.xml:27:5-29:56
41        xmlns:android="http://schemas.android.com/apk/res/android"
41-->[com.tencent.luggage:wxa-standalone-open-runtime-SaaA-plugin-sdk:1.0.10] AndroidManifest.xml:28:9-67
42        android:name="android.permission.ALARM_LOCK" />
42-->[com.tencent.luggage:wxa-standalone-open-runtime-SaaA-plugin-sdk:1.0.10] AndroidManifest.xml:29:9-53
43    <uses-permission
43-->[com.tencent.luggage:wxa-standalone-open-runtime-SaaA-plugin-sdk:1.0.10] AndroidManifest.xml:36:5-38:55
44        xmlns:android="http://schemas.android.com/apk/res/android"
44-->[com.tencent.luggage:wxa-standalone-open-runtime-SaaA-plugin-sdk:1.0.10] AndroidManifest.xml:37:9-67
45        android:name="android.permission.WAKE_LOCK" />
45-->[com.tencent.luggage:wxa-standalone-open-runtime-SaaA-plugin-sdk:1.0.10] AndroidManifest.xml:38:9-52
46    <uses-permission
46-->[com.tencent.luggage:wxa-standalone-open-runtime-SaaA-plugin-sdk:1.0.10] AndroidManifest.xml:39:5-41:63
47        xmlns:android="http://schemas.android.com/apk/res/android"
47-->[com.tencent.luggage:wxa-standalone-open-runtime-SaaA-plugin-sdk:1.0.10] AndroidManifest.xml:40:9-67
48        android:name="android.permission.ACCESS_WIFI_STATE" />
48-->[com.tencent.luggage:wxa-standalone-open-runtime-SaaA-plugin-sdk:1.0.10] AndroidManifest.xml:41:9-60
49    <uses-permission
49-->[com.tencent.luggage:wxa-standalone-open-runtime-SaaA-plugin-sdk:1.0.10] AndroidManifest.xml:42:5-44:68
50        xmlns:android="http://schemas.android.com/apk/res/android"
50-->[com.tencent.luggage:wxa-standalone-open-runtime-SaaA-plugin-sdk:1.0.10] AndroidManifest.xml:43:9-67
51        android:name="android.permission.WRITE_EXTERNAL_STORAGE" />
51-->[com.tencent.luggage:wxa-standalone-open-runtime-SaaA-plugin-sdk:1.0.10] AndroidManifest.xml:44:9-65
52
53    <permission
53-->[com.tencent.luggage:wxa-standalone-open-runtime-SaaA-plugin-sdk:1.0.10] AndroidManifest.xml:46:5-49:47
54        xmlns:android="http://schemas.android.com/apk/res/android"
54-->[com.tencent.luggage:wxa-standalone-open-runtime-SaaA-plugin-sdk:1.0.10] AndroidManifest.xml:47:9-67
55        android:name="com.enterprise.jpushdemo.vfs.broadcast"
55-->[com.tencent.luggage:wxa-standalone-open-runtime-SaaA-plugin-sdk:1.0.10] AndroidManifest.xml:48:9-54
56        android:protectionLevel="signature" />
56-->[com.tencent.luggage:wxa-standalone-open-runtime-SaaA-plugin-sdk:1.0.10] AndroidManifest.xml:49:9-44
57
58    <uses-permission
58-->[com.tencent.luggage:wxa-standalone-open-runtime-SaaA-plugin-sdk:1.0.10] AndroidManifest.xml:51:5-53:57
59        xmlns:android="http://schemas.android.com/apk/res/android"
59-->[com.tencent.luggage:wxa-standalone-open-runtime-SaaA-plugin-sdk:1.0.10] AndroidManifest.xml:52:9-67
60        android:name="com.enterprise.jpushdemo.vfs.broadcast" />
60-->[com.tencent.luggage:wxa-standalone-open-runtime-SaaA-plugin-sdk:1.0.10] AndroidManifest.xml:53:9-54
61    <uses-permission
61-->[com.tencent.luggage:wxa-standalone-open-runtime-SaaA-plugin-sdk:1.0.10] AndroidManifest.xml:54:5-56:73
62        xmlns:android="http://schemas.android.com/apk/res/android"
62-->[com.tencent.luggage:wxa-standalone-open-runtime-SaaA-plugin-sdk:1.0.10] AndroidManifest.xml:55:9-67
63        android:name="android.permission.CHANGE_WIFI_MULTICAST_STATE" />
63-->[com.tencent.luggage:wxa-standalone-open-runtime-SaaA-plugin-sdk:1.0.10] AndroidManifest.xml:56:9-70
64    <uses-permission
64-->[com.tencent.luggage:wxa-standalone-open-runtime-SaaA-plugin-sdk:1.0.10] AndroidManifest.xml:57:5-60:35
65        xmlns:android="http://schemas.android.com/apk/res/android"
65-->[com.tencent.luggage:wxa-standalone-open-runtime-SaaA-plugin-sdk:1.0.10] AndroidManifest.xml:58:9-67
66        android:name="android.permission.CAMERA"
66-->[com.tencent.luggage:wxa-standalone-open-runtime-SaaA-plugin-sdk:1.0.10] AndroidManifest.xml:59:9-49
67        android:required="true" />
67-->[com.tencent.luggage:wxa-standalone-open-runtime-SaaA-plugin-sdk:1.0.10] AndroidManifest.xml:60:9-32
68
69    <uses-feature
69-->[com.tencent.luggage:wxa-standalone-open-runtime-SaaA-plugin-sdk:1.0.10] AndroidManifest.xml:62:5-65:35
70        xmlns:android="http://schemas.android.com/apk/res/android"
70-->[com.tencent.luggage:wxa-standalone-open-runtime-SaaA-plugin-sdk:1.0.10] AndroidManifest.xml:63:9-67
71        android:name="android.hardware.camera"
71-->[com.tencent.luggage:wxa-standalone-open-runtime-SaaA-plugin-sdk:1.0.10] AndroidManifest.xml:64:9-47
72        android:required="true" />
72-->[com.tencent.luggage:wxa-standalone-open-runtime-SaaA-plugin-sdk:1.0.10] AndroidManifest.xml:65:9-32
73    <uses-feature
73-->[com.tencent.luggage:wxa-standalone-open-runtime-SaaA-plugin-sdk:1.0.10] AndroidManifest.xml:66:5-69:36
74        xmlns:android="http://schemas.android.com/apk/res/android"
74-->[com.tencent.luggage:wxa-standalone-open-runtime-SaaA-plugin-sdk:1.0.10] AndroidManifest.xml:67:9-67
75        android:name="android.hardware.camera.autofocus"
75-->[com.tencent.luggage:wxa-standalone-open-runtime-SaaA-plugin-sdk:1.0.10] AndroidManifest.xml:68:9-57
76        android:required="false" />
76-->[com.tencent.luggage:wxa-standalone-open-runtime-SaaA-plugin-sdk:1.0.10] AndroidManifest.xml:69:9-33
77
78    <uses-permission
78-->[com.tencent.luggage:wxa-standalone-open-runtime-SaaA-plugin-sdk:1.0.10] AndroidManifest.xml:71:5-73:66
79        xmlns:android="http://schemas.android.com/apk/res/android"
79-->[com.tencent.luggage:wxa-standalone-open-runtime-SaaA-plugin-sdk:1.0.10] AndroidManifest.xml:72:9-67
80        android:name="android.permission.CHANGE_NETWORK_STATE" />
80-->[com.tencent.luggage:wxa-standalone-open-runtime-SaaA-plugin-sdk:1.0.10] AndroidManifest.xml:73:9-63
81    <uses-permission
81-->[com.tencent.luggage:wxa-standalone-open-runtime-SaaA-plugin-sdk:1.0.10] AndroidManifest.xml:74:5-76:63
82        xmlns:android="http://schemas.android.com/apk/res/android"
82-->[com.tencent.luggage:wxa-standalone-open-runtime-SaaA-plugin-sdk:1.0.10] AndroidManifest.xml:75:9-67
83        android:name="android.permission.CHANGE_WIFI_STATE" />
83-->[com.tencent.luggage:wxa-standalone-open-runtime-SaaA-plugin-sdk:1.0.10] AndroidManifest.xml:76:9-60
84    <uses-permission
84-->[com.tencent.luggage:wxa-standalone-open-runtime-SaaA-plugin-sdk:1.0.10] AndroidManifest.xml:77:5-79:49
85        xmlns:android="http://schemas.android.com/apk/res/android"
85-->[com.tencent.luggage:wxa-standalone-open-runtime-SaaA-plugin-sdk:1.0.10] AndroidManifest.xml:78:9-67
86        android:name="android.permission.NFC" />
86-->[com.tencent.luggage:wxa-standalone-open-runtime-SaaA-plugin-sdk:1.0.10] AndroidManifest.xml:79:9-46
87    <uses-permission
87-->[com.tencent.luggage:wxa-standalone-open-runtime-SaaA-plugin-sdk:1.0.10] AndroidManifest.xml:80:5-82:67
88        xmlns:android="http://schemas.android.com/apk/res/android"
88-->[com.tencent.luggage:wxa-standalone-open-runtime-SaaA-plugin-sdk:1.0.10] AndroidManifest.xml:81:9-67
89        android:name="android.permission.READ_EXTERNAL_STORAGE" />
89-->[com.tencent.luggage:wxa-standalone-open-runtime-SaaA-plugin-sdk:1.0.10] AndroidManifest.xml:82:9-64
90
91    <permission
91-->[com.tencent.luggage:wxa-standalone-open-runtime-SaaA-plugin-sdk:1.0.10] AndroidManifest.xml:84:5-87:44
92        xmlns:android="http://schemas.android.com/apk/res/android"
92-->[com.tencent.luggage:wxa-standalone-open-runtime-SaaA-plugin-sdk:1.0.10] AndroidManifest.xml:85:9-67
93        android:name="com.enterprise.jpushdemo.voiceassist.permission.READ"
93-->[com.tencent.luggage:wxa-standalone-open-runtime-SaaA-plugin-sdk:1.0.10] AndroidManifest.xml:86:9-68
94        android:protectionLevel="normal" />
94-->[com.tencent.luggage:wxa-standalone-open-runtime-SaaA-plugin-sdk:1.0.10] AndroidManifest.xml:87:9-41
95    <permission
95-->[com.tencent.luggage:wxa-standalone-open-runtime-SaaA-plugin-sdk:1.0.10] AndroidManifest.xml:88:5-91:44
96        xmlns:android="http://schemas.android.com/apk/res/android"
96-->[com.tencent.luggage:wxa-standalone-open-runtime-SaaA-plugin-sdk:1.0.10] AndroidManifest.xml:89:9-67
97        android:name="com.enterprise.jpushdemo.voiceassist.permission.WRITE"
97-->[com.tencent.luggage:wxa-standalone-open-runtime-SaaA-plugin-sdk:1.0.10] AndroidManifest.xml:90:9-69
98        android:protectionLevel="normal" /> <!-- Required -->
98-->[com.tencent.luggage:wxa-standalone-open-runtime-SaaA-plugin-sdk:1.0.10] AndroidManifest.xml:91:9-41
99    <permission
99-->[cn.jiguang.sdk:jpush:5.7.0] AndroidManifest.xml:11:5-13:47
100        android:name="com.enterprise.jpushdemo.permission.JPUSH_MESSAGE"
100-->[cn.jiguang.sdk:jpush:5.7.0] AndroidManifest.xml:12:9-65
101        android:protectionLevel="signature" /> <!-- Required -->
101-->[cn.jiguang.sdk:jpush:5.7.0] AndroidManifest.xml:13:9-44
102    <uses-permission android:name="com.enterprise.jpushdemo.permission.JPUSH_MESSAGE" />
102-->[cn.jiguang.sdk:jpush:5.7.0] AndroidManifest.xml:15:5-81
102-->[cn.jiguang.sdk:jpush:5.7.0] AndroidManifest.xml:15:22-78
103    <uses-permission android:name="android.permission.POST_NOTIFICATIONS" />
103-->[cn.jiguang.sdk:jpush:5.7.0] AndroidManifest.xml:18:5-77
103-->[cn.jiguang.sdk:jpush:5.7.0] AndroidManifest.xml:18:22-74
104    <uses-permission android:name="android.permission.ACCESS_BACKGROUND_LOCATION" />
104-->[cn.jiguang.sdk:jpush:5.7.0] AndroidManifest.xml:22:5-85
104-->[cn.jiguang.sdk:jpush:5.7.0] AndroidManifest.xml:22:22-82
105    <uses-permission android:name="android.permission.READ_PHONE_STATE" />
105-->[cn.jiguang.sdk:jpush:5.7.0] AndroidManifest.xml:23:5-75
105-->[cn.jiguang.sdk:jpush:5.7.0] AndroidManifest.xml:23:22-72
106    <uses-permission android:name="android.permission.QUERY_ALL_PACKAGES" />
106-->[cn.jiguang.sdk:jpush:5.7.0] AndroidManifest.xml:24:5-77
106-->[cn.jiguang.sdk:jpush:5.7.0] AndroidManifest.xml:24:22-74
107
108    <application
108-->src/main/AndroidManifest.xml:17:5-59:19
109        xmlns:android="http://schemas.android.com/apk/res/android"
109-->[com.tencent.luggage:wxa-standalone-open-runtime-SaaA-plugin-sdk:1.0.10] AndroidManifest.xml:94:9-67
110        android:name="com.enterprise.jpushdemo.DemoApplication"
110-->src/main/AndroidManifest.xml:18:9-40
111        android:allowBackup="false"
111-->src/main/AndroidManifest.xml:19:9-36
112        android:appComponentFactory="androidx.core.app.CoreComponentFactory"
112-->[androidx.core:core:1.6.0] AndroidManifest.xml:24:18-86
113        android:debuggable="true"
114        android:icon="@mipmap/ic_launcher"
114-->src/main/AndroidManifest.xml:20:9-43
115        android:label="@string/app_name"
115-->src/main/AndroidManifest.xml:21:9-41
116        android:persistent="true"
116-->src/main/AndroidManifest.xml:22:9-34
117        android:requestLegacyExternalStorage="true"
117-->[com.tencent.luggage:wxa-standalone-open-runtime-SaaA-plugin-sdk:1.0.10] AndroidManifest.xml:96:9-52
118        android:testOnly="true"
119        android:theme="@style/Theme.App.Global"
119-->src/main/AndroidManifest.xml:23:9-48
120        android:usesCleartextTraffic="true" >
120-->[com.tencent.luggage:wxa-standalone-open-runtime-SaaA-plugin-sdk:1.0.10] AndroidManifest.xml:97:9-44
121
122        <!-- 兼容支持 -->
123        <uses-library
123-->src/main/AndroidManifest.xml:27:9-29:40
124            android:name="org.apache.http.legacy"
124-->src/main/AndroidManifest.xml:28:13-50
125            android:required="false" />
125-->src/main/AndroidManifest.xml:29:13-37
126
127        <activity
127-->src/main/AndroidManifest.xml:31:9-47:20
128            android:name="com.enterprise.jpushdemo.ui.MainActivity"
128-->src/main/AndroidManifest.xml:32:13-44
129            android:configChanges="keyboard|keyboardHidden|orientation|screenSize|smallestScreenSize|screenLayout|uiMode"
129-->src/main/AndroidManifest.xml:33:13-122
130            android:exported="true"
130-->src/main/AndroidManifest.xml:34:13-36
131            android:theme="@style/Theme.Translucent" >
131-->src/main/AndroidManifest.xml:35:13-53
132            <intent-filter>
132-->src/main/AndroidManifest.xml:36:13-40:29
133                <action android:name="android.intent.action.MAIN" />
133-->src/main/AndroidManifest.xml:37:17-69
133-->src/main/AndroidManifest.xml:37:25-66
134
135                <category android:name="android.intent.category.LAUNCHER" />
135-->src/main/AndroidManifest.xml:38:17-77
135-->src/main/AndroidManifest.xml:38:27-74
136                <category android:name="android.intent.category.DEFAULT" />
136-->src/main/AndroidManifest.xml:39:17-76
136-->src/main/AndroidManifest.xml:39:27-73
137            </intent-filter>
138            <intent-filter>
138-->src/main/AndroidManifest.xml:41:13-46:29
139                <action android:name="android.intent.action.VIEW" />
139-->src/main/AndroidManifest.xml:42:17-69
139-->src/main/AndroidManifest.xml:42:25-66
140
141                <category android:name="android.intent.category.DEFAULT" />
141-->src/main/AndroidManifest.xml:39:17-76
141-->src/main/AndroidManifest.xml:39:27-73
142                <category android:name="android.intent.category.BROWSABLE" />
142-->src/main/AndroidManifest.xml:44:17-78
142-->src/main/AndroidManifest.xml:44:27-75
143
144                <data android:scheme="__placeholder__" />
144-->src/main/AndroidManifest.xml:45:23-57
145            </intent-filter>
146        </activity>
147        <activity
147-->src/main/AndroidManifest.xml:49:9-52:39
148            android:name="com.enterprise.jpushdemo.wxapi.WXEntryActivity"
148-->src/main/AndroidManifest.xml:50:13-50
149            android:exported="true"
149-->src/main/AndroidManifest.xml:52:13-36
150            android:launchMode="singleTask" />
150-->src/main/AndroidManifest.xml:51:13-44
151        <activity
151-->src/main/AndroidManifest.xml:54:9-57:39
152            android:name="com.enterprise.jpushdemo.wxapi.WXPayEntryActivity"
152-->src/main/AndroidManifest.xml:55:13-53
153            android:exported="true"
153-->src/main/AndroidManifest.xml:57:13-36
154            android:launchMode="singleTask" />
154-->src/main/AndroidManifest.xml:56:13-44
155
156        <service
156-->[:plugin] AndroidManifest.xml:11:9-20:19
157            android:name="com.donut.wx324c7e239a81ad0f.JPushCustomService"
157-->[:plugin] AndroidManifest.xml:12:13-75
158            android:enabled="true"
158-->[:plugin] AndroidManifest.xml:13:13-35
159            android:exported="false"
159-->[:plugin] AndroidManifest.xml:14:13-37
160            android:process=":pushcore"
160-->[:plugin] AndroidManifest.xml:15:13-40
161            android:stopWithTask="true" >
161-->[:plugin] AndroidManifest.xml:16:13-40
162            <intent-filter>
162-->[:plugin] AndroidManifest.xml:17:13-19:29
163                <action android:name="cn.jiguang.user.service.action" />
163-->[:plugin] AndroidManifest.xml:18:17-73
163-->[:plugin] AndroidManifest.xml:18:25-70
164            </intent-filter>
165        </service>
166
167        <receiver
167-->[:plugin] AndroidManifest.xml:22:9-31:20
168            android:name="com.donut.wx324c7e239a81ad0f.JPushModuleReceiver"
168-->[:plugin] AndroidManifest.xml:23:13-76
169            android:enabled="true"
169-->[:plugin] AndroidManifest.xml:24:13-35
170            android:exported="false" >
170-->[:plugin] AndroidManifest.xml:25:13-37
171            <intent-filter>
171-->[:plugin] AndroidManifest.xml:26:13-30:29
172                <action android:name="cn.jpush.android.intent.RECEIVER_MESSAGE" />
172-->[:plugin] AndroidManifest.xml:27:17-83
172-->[:plugin] AndroidManifest.xml:27:25-80
173
174                <category android:name="com.enterprise.jpushdemo" />
174-->[:plugin] AndroidManifest.xml:29:17-61
174-->[:plugin] AndroidManifest.xml:29:27-58
175            </intent-filter>
176        </receiver>
177
178        <activity
178-->[com.tencent.luggage:wxa-standalone-open-runtime-SaaA-plugin-sdk:1.0.10] AndroidManifest.xml:98:9-101:20
179            android:name="com.tencent.luggage.wxa.SaaA.app.SaaANetworkErrorActivity"
179-->[com.tencent.luggage:wxa-standalone-open-runtime-SaaA-plugin-sdk:1.0.10] AndroidManifest.xml:99:13-85
180            android:theme="@style/Theme.AppCompat.NoActionBar" >
180-->[com.tencent.luggage:wxa-standalone-open-runtime-SaaA-plugin-sdk:1.0.10] AndroidManifest.xml:100:13-63
181        </activity>
182        <activity
182-->[com.tencent.luggage:wxa-standalone-open-runtime-SaaA-plugin-sdk:1.0.10] AndroidManifest.xml:117:9-122:59
183            android:name="com.tencent.luggage.wxa.SaaA.app.SaaAContainerActivity0"
183-->[com.tencent.luggage:wxa-standalone-open-runtime-SaaA-plugin-sdk:1.0.10] AndroidManifest.xml:118:13-83
184            android:configChanges="keyboard|keyboardHidden|orientation|screenSize|smallestScreenSize|screenLayout|uiMode"
184-->[com.tencent.luggage:wxa-standalone-open-runtime-SaaA-plugin-sdk:1.0.10] AndroidManifest.xml:119:13-122
185            android:process=":wxa_container0"
185-->[com.tencent.luggage:wxa-standalone-open-runtime-SaaA-plugin-sdk:1.0.10] AndroidManifest.xml:120:13-46
186            android:screenOrientation="behind"
186-->[com.tencent.luggage:wxa-standalone-open-runtime-SaaA-plugin-sdk:1.0.10] AndroidManifest.xml:121:13-47
187            android:theme="@style/WxaAppContainerTheme" />
187-->[com.tencent.luggage:wxa-standalone-open-runtime-SaaA-plugin-sdk:1.0.10] AndroidManifest.xml:122:13-56
188
189        <activity-alias
189-->[com.tencent.luggage:wxa-standalone-open-runtime-SaaA-plugin-sdk:1.0.10] AndroidManifest.xml:124:9-126:96
190            android:name="com.tencent.luggage.wxa.standalone_open_runtime.container.WxaContainerActivity0"
190-->[com.tencent.luggage:wxa-standalone-open-runtime-SaaA-plugin-sdk:1.0.10] AndroidManifest.xml:125:13-107
191            android:targetActivity="com.tencent.luggage.wxa.SaaA.app.SaaAContainerActivity0" />
191-->[com.tencent.luggage:wxa-standalone-open-runtime-SaaA-plugin-sdk:1.0.10] AndroidManifest.xml:126:13-93
192
193        <activity
193-->[com.tencent.luggage:wxa-standalone-open-runtime-SaaA-plugin-sdk:1.0.10] AndroidManifest.xml:128:9-133:59
194            android:name="com.tencent.luggage.wxa.SaaA.app.SaaAContainerActivity1"
194-->[com.tencent.luggage:wxa-standalone-open-runtime-SaaA-plugin-sdk:1.0.10] AndroidManifest.xml:129:13-83
195            android:configChanges="keyboard|keyboardHidden|orientation|screenSize|smallestScreenSize|screenLayout|uiMode"
195-->[com.tencent.luggage:wxa-standalone-open-runtime-SaaA-plugin-sdk:1.0.10] AndroidManifest.xml:130:13-122
196            android:process=":wxa_container1"
196-->[com.tencent.luggage:wxa-standalone-open-runtime-SaaA-plugin-sdk:1.0.10] AndroidManifest.xml:131:13-46
197            android:screenOrientation="behind"
197-->[com.tencent.luggage:wxa-standalone-open-runtime-SaaA-plugin-sdk:1.0.10] AndroidManifest.xml:132:13-47
198            android:theme="@style/WxaAppContainerTheme" />
198-->[com.tencent.luggage:wxa-standalone-open-runtime-SaaA-plugin-sdk:1.0.10] AndroidManifest.xml:133:13-56
199
200        <activity-alias
200-->[com.tencent.luggage:wxa-standalone-open-runtime-SaaA-plugin-sdk:1.0.10] AndroidManifest.xml:135:9-137:96
201            android:name="com.tencent.luggage.wxa.standalone_open_runtime.container.WxaContainerActivity1"
201-->[com.tencent.luggage:wxa-standalone-open-runtime-SaaA-plugin-sdk:1.0.10] AndroidManifest.xml:136:13-107
202            android:targetActivity="com.tencent.luggage.wxa.SaaA.app.SaaAContainerActivity1" />
202-->[com.tencent.luggage:wxa-standalone-open-runtime-SaaA-plugin-sdk:1.0.10] AndroidManifest.xml:137:13-93
203
204        <activity
204-->[com.tencent.luggage:wxa-standalone-open-runtime-SaaA-plugin-sdk:1.0.10] AndroidManifest.xml:139:9-144:59
205            android:name="com.tencent.luggage.wxa.SaaA.app.SaaAContainerActivity2"
205-->[com.tencent.luggage:wxa-standalone-open-runtime-SaaA-plugin-sdk:1.0.10] AndroidManifest.xml:140:13-83
206            android:configChanges="keyboard|keyboardHidden|orientation|screenSize|smallestScreenSize|screenLayout|uiMode"
206-->[com.tencent.luggage:wxa-standalone-open-runtime-SaaA-plugin-sdk:1.0.10] AndroidManifest.xml:141:13-122
207            android:process=":wxa_container2"
207-->[com.tencent.luggage:wxa-standalone-open-runtime-SaaA-plugin-sdk:1.0.10] AndroidManifest.xml:142:13-46
208            android:screenOrientation="behind"
208-->[com.tencent.luggage:wxa-standalone-open-runtime-SaaA-plugin-sdk:1.0.10] AndroidManifest.xml:143:13-47
209            android:theme="@style/WxaAppContainerTheme" />
209-->[com.tencent.luggage:wxa-standalone-open-runtime-SaaA-plugin-sdk:1.0.10] AndroidManifest.xml:144:13-56
210
211        <activity-alias
211-->[com.tencent.luggage:wxa-standalone-open-runtime-SaaA-plugin-sdk:1.0.10] AndroidManifest.xml:146:9-148:96
212            android:name="com.tencent.luggage.wxa.standalone_open_runtime.container.WxaContainerActivity2"
212-->[com.tencent.luggage:wxa-standalone-open-runtime-SaaA-plugin-sdk:1.0.10] AndroidManifest.xml:147:13-107
213            android:targetActivity="com.tencent.luggage.wxa.SaaA.app.SaaAContainerActivity2" />
213-->[com.tencent.luggage:wxa-standalone-open-runtime-SaaA-plugin-sdk:1.0.10] AndroidManifest.xml:148:13-93
214
215        <activity
215-->[com.tencent.luggage:wxa-standalone-open-runtime-SaaA-plugin-sdk:1.0.10] AndroidManifest.xml:150:9-155:59
216            android:name="com.tencent.luggage.wxa.SaaA.app.SaaAContainerActivity3"
216-->[com.tencent.luggage:wxa-standalone-open-runtime-SaaA-plugin-sdk:1.0.10] AndroidManifest.xml:151:13-83
217            android:configChanges="keyboard|keyboardHidden|orientation|screenSize|smallestScreenSize|screenLayout|uiMode"
217-->[com.tencent.luggage:wxa-standalone-open-runtime-SaaA-plugin-sdk:1.0.10] AndroidManifest.xml:152:13-122
218            android:process=":wxa_container3"
218-->[com.tencent.luggage:wxa-standalone-open-runtime-SaaA-plugin-sdk:1.0.10] AndroidManifest.xml:153:13-46
219            android:screenOrientation="behind"
219-->[com.tencent.luggage:wxa-standalone-open-runtime-SaaA-plugin-sdk:1.0.10] AndroidManifest.xml:154:13-47
220            android:theme="@style/WxaAppContainerTheme" />
220-->[com.tencent.luggage:wxa-standalone-open-runtime-SaaA-plugin-sdk:1.0.10] AndroidManifest.xml:155:13-56
221
222        <activity-alias
222-->[com.tencent.luggage:wxa-standalone-open-runtime-SaaA-plugin-sdk:1.0.10] AndroidManifest.xml:157:9-159:96
223            android:name="com.tencent.luggage.wxa.standalone_open_runtime.container.WxaContainerActivity3"
223-->[com.tencent.luggage:wxa-standalone-open-runtime-SaaA-plugin-sdk:1.0.10] AndroidManifest.xml:158:13-107
224            android:targetActivity="com.tencent.luggage.wxa.SaaA.app.SaaAContainerActivity3" />
224-->[com.tencent.luggage:wxa-standalone-open-runtime-SaaA-plugin-sdk:1.0.10] AndroidManifest.xml:159:13-93
225
226        <activity
226-->[com.tencent.luggage:wxa-standalone-open-runtime-SaaA-plugin-sdk:1.0.10] AndroidManifest.xml:161:9-166:59
227            android:name="com.tencent.luggage.wxa.SaaA.app.SaaAContainerActivity4"
227-->[com.tencent.luggage:wxa-standalone-open-runtime-SaaA-plugin-sdk:1.0.10] AndroidManifest.xml:162:13-83
228            android:configChanges="keyboard|keyboardHidden|orientation|screenSize|smallestScreenSize|screenLayout|uiMode"
228-->[com.tencent.luggage:wxa-standalone-open-runtime-SaaA-plugin-sdk:1.0.10] AndroidManifest.xml:163:13-122
229            android:process=":wxa_container4"
229-->[com.tencent.luggage:wxa-standalone-open-runtime-SaaA-plugin-sdk:1.0.10] AndroidManifest.xml:164:13-46
230            android:screenOrientation="behind"
230-->[com.tencent.luggage:wxa-standalone-open-runtime-SaaA-plugin-sdk:1.0.10] AndroidManifest.xml:165:13-47
231            android:theme="@style/WxaAppContainerTheme" />
231-->[com.tencent.luggage:wxa-standalone-open-runtime-SaaA-plugin-sdk:1.0.10] AndroidManifest.xml:166:13-56
232
233        <activity-alias
233-->[com.tencent.luggage:wxa-standalone-open-runtime-SaaA-plugin-sdk:1.0.10] AndroidManifest.xml:168:9-170:96
234            android:name="com.tencent.luggage.wxa.standalone_open_runtime.container.WxaContainerActivity4"
234-->[com.tencent.luggage:wxa-standalone-open-runtime-SaaA-plugin-sdk:1.0.10] AndroidManifest.xml:169:13-107
235            android:targetActivity="com.tencent.luggage.wxa.SaaA.app.SaaAContainerActivity4" />
235-->[com.tencent.luggage:wxa-standalone-open-runtime-SaaA-plugin-sdk:1.0.10] AndroidManifest.xml:170:13-93
236
237        <activity
237-->[com.tencent.luggage:wxa-standalone-open-runtime-SaaA-plugin-sdk:1.0.10] AndroidManifest.xml:172:9-175:76
238            android:name="com.tencent.luggage.wxa.SaaA.app.SaaAPrivacyPopupActivity"
238-->[com.tencent.luggage:wxa-standalone-open-runtime-SaaA-plugin-sdk:1.0.10] AndroidManifest.xml:173:13-85
239            android:theme="@style/Theme.PopupActivity"
239-->[com.tencent.luggage:wxa-standalone-open-runtime-SaaA-plugin-sdk:1.0.10] AndroidManifest.xml:174:13-55
240            android:windowSoftInputMode="stateAlwaysHidden|adjustResize" />
240-->[com.tencent.luggage:wxa-standalone-open-runtime-SaaA-plugin-sdk:1.0.10] AndroidManifest.xml:175:13-73
241
242        <service
242-->[com.tencent.luggage:wxa-standalone-open-runtime-SaaA-plugin-sdk:1.0.10] AndroidManifest.xml:177:9-179:40
243            android:name="com.tencent.luggage.crash.SaaACrashUploaderService"
243-->[com.tencent.luggage:wxa-standalone-open-runtime-SaaA-plugin-sdk:1.0.10] AndroidManifest.xml:178:13-78
244            android:exported="false" />
244-->[com.tencent.luggage:wxa-standalone-open-runtime-SaaA-plugin-sdk:1.0.10] AndroidManifest.xml:179:13-37
245
246        <meta-data
246-->[com.tencent.luggage:wxa-standalone-open-runtime-SaaA-plugin-sdk:1.0.10] AndroidManifest.xml:181:9-183:40
247            android:name="com.tencent.wmpf.BuildInfo.BUILD_OWNER"
247-->[com.tencent.luggage:wxa-standalone-open-runtime-SaaA-plugin-sdk:1.0.10] AndroidManifest.xml:182:13-66
248            android:value="coverguo" />
248-->[com.tencent.luggage:wxa-standalone-open-runtime-SaaA-plugin-sdk:1.0.10] AndroidManifest.xml:183:13-37
249        <meta-data